<?xml version="1.0" encoding="utf-8"?>
<testsuites>
	<testsuite name="http://localhost:3000" errors="0" failures="14" skips="14" tests="32" time="100">
		<testcase classname="corechecks" name="Http200Check" time="0.041514" />
		<testcase classname="corechecks" name="StrictTransportSecurityPresent" time="0">
			<skipped>This check is only applicable to SSL requests.</skipped>
		</testcase>
		<testcase classname="corechecks" name="XFrameOptionsPresent" time="1.4e-05">
			<failure>X-Frame-Options header not found.</failure>
		</testcase>
		<testcase classname="corechecks" name="HttpOnlyAttributePresent" time="3.8e-05" />
		<testcase classname="corechecks" name="SecureAttributePresent" time="7.5e-05" />
		<testcase classname="corechecks" name="HttpsLoginForm" time="0.023084">
			<failure>There are login forms pointing to insecure locations</failure>
		</testcase>
		<testcase classname="corechecks" name="HttpsResourceOnHttpsLink" time="0">
			<skipped>This check is only applicable to SSL requests.</skipped>
		</testcase>
		<testcase classname="corechecks" name="InlineJS" time="0.01968">
			<failure>Inline JavaScript found</failure>
		</testcase>
		<testcase classname="corechecks" name="WebTouch" time="0.067528" />
		<testcase classname="corechecks" name="StrictTransportSecurityPresent" time="0">
			<skipped>This check is only applicable to SSL requests.</skipped>
		</testcase>
		<testcase classname="corechecks" name="XFrameOptionsPresent" time="1.4e-05">
			<failure>X-Frame-Options header not found.</failure>
		</testcase>
		<testcase classname="corechecks" name="HttpOnlyAttributePresent" time="8e-06">
			<skipped>No cookie is set by this response.</skipped>
		</testcase>
		<testcase classname="corechecks" name="SecureAttributePresent" time="2e-05">
			<skipped>No cookie is set by this response.</skipped>
		</testcase>
		<testcase classname="corechecks" name="HttpsLoginForm" time="0.023032">
			<failure>There are login forms pointing to insecure locations</failure>
		</testcase>
		<testcase classname="corechecks" name="HttpsResourceOnHttpsLink" time="0">
			<skipped>This check is only applicable to SSL requests.</skipped>
		</testcase>
		<testcase classname="corechecks" name="InlineJS" time="0.019653">
			<failure>Inline JavaScript found</failure>
		</testcase>
		<testcase classname="corechecks" name="StsRedirectCheck" time="0.028352">
			<failure>The initial HTTP response should be a 301 redirect (RFC violation see ).</failure>
		</testcase>
		<testcase classname="corechecks" name="StrictTransportSecurityPresent" time="0">
			<skipped>This check is only applicable to SSL requests.</skipped>
		</testcase>
		<testcase classname="corechecks" name="XFrameOptionsPresent" time="1.6e-05">
			<failure>X-Frame-Options header not found.</failure>
		</testcase>
		<testcase classname="corechecks" name="HttpOnlyAttributePresent" time="1.5e-05">
			<skipped>No cookie is set by this response.</skipped>
		</testcase>
		<testcase classname="corechecks" name="SecureAttributePresent" time="2.8e-05">
			<skipped>No cookie is set by this response.</skipped>
		</testcase>
		<testcase classname="corechecks" name="HttpsLoginForm" time="0.029749">
			<failure>There are login forms pointing to insecure locations</failure>
		</testcase>
		<testcase classname="corechecks" name="HttpsResourceOnHttpsLink" time="0">
			<skipped>This check is only applicable to SSL requests.</skipped>
		</testcase>
		<testcase classname="corechecks" name="InlineJS" time="0.021086">
			<failure>Inline JavaScript found</failure>
		</testcase>
		<testcase classname="corechecks" name="CSPHeaderCheck" time="0.026791">
			<failure>No X-Content-Security-Policy or X-Content-Security-Policy-Report-Only in headers</failure>
		</testcase>
		<testcase classname="corechecks" name="StrictTransportSecurityPresent" time="0">
			<skipped>This check is only applicable to SSL requests.</skipped>
		</testcase>
		<testcase classname="corechecks" name="XFrameOptionsPresent" time="1e-05">
			<failure>X-Frame-Options header not found.</failure>
		</testcase>
		<testcase classname="corechecks" name="HttpOnlyAttributePresent" time="9e-06">
			<skipped>No cookie is set by this response.</skipped>
		</testcase>
		<testcase classname="corechecks" name="SecureAttributePresent" time="2e-05">
			<skipped>No cookie is set by this response.</skipped>
		</testcase>
		<testcase classname="corechecks" name="HttpsLoginForm" time="0.022056">
			<failure>There are login forms pointing to insecure locations</failure>
		</testcase>
		<testcase classname="corechecks" name="HttpsResourceOnHttpsLink" time="0">
			<skipped>This check is only applicable to SSL requests.</skipped>
		</testcase>
		<testcase classname="corechecks" name="InlineJS" time="0.019927">
			<failure>Inline JavaScript found</failure>
		</testcase>
	</testsuite>
</testsuites>
